25-Jul-2024 08:50:52.574 INFORMACIÓN [main] org.apache.catalina.startup.VersionLoggerListener.log Nombre de la versión del servidor: Apache Tomcat/9.0.89
25-Jul-2024 08:50:52.576 INFORMACIÓN [main] org.apache.catalina.startup.VersionLoggerListener.log Server built:                      May 3 2024 20:22:11 UTC
25-Jul-2024 08:50:52.576 INFORMACIÓN [main] org.apache.catalina.startup.VersionLoggerListener.log Número de versión de servidor:     9.0.89.0
25-Jul-2024 08:50:52.576 INFORMACIÓN [main] org.apache.catalina.startup.VersionLoggerListener.log OS Name:                           Windows 11
25-Jul-2024 08:50:52.576 INFORMACIÓN [main] org.apache.catalina.startup.VersionLoggerListener.log Versión de Systema Operativo:      10.0
25-Jul-2024 08:50:52.576 INFORMACIÓN [main] org.apache.catalina.startup.VersionLoggerListener.log Arquitectura:                      amd64
25-Jul-2024 08:50:52.576 INFORMACIÓN [main] org.apache.catalina.startup.VersionLoggerListener.log Java Home:                         C:\Users\falazo\.jdks\corretto-1.8.0_412\jre
25-Jul-2024 08:50:52.576 INFORMACIÓN [main] org.apache.catalina.startup.VersionLoggerListener.log JVM Version:                       1.8.0_412-b08
25-Jul-2024 08:50:52.576 INFORMACIÓN [main] org.apache.catalina.startup.VersionLoggerListener.log Vededor JVM:                       Amazon.com Inc.
25-Jul-2024 08:50:52.576 INFORMACIÓN [main] org.apache.catalina.startup.VersionLoggerListener.log CATALINA_BASE:                     C:\Users\falazo\Desktop\sistema tickets nuevo\sistema_tickets
25-Jul-2024 08:50:52.576 INFORMACIÓN [main] org.apache.catalina.startup.VersionLoggerListener.log CATALINA_HOME:                     C:\Program Files\apache-tomcat-9.0.89
25-Jul-2024 08:50:52.578 INFORMACIÓN [main] org.apache.catalina.startup.VersionLoggerListener.log Command line argument:             -Dcatalina.home=C:\Program Files\apache-tomcat-9.0.89
25-Jul-2024 08:50:52.578 INFORMACIÓN [main] org.apache.catalina.startup.VersionLoggerListener.log Command line argument:             -Dcatalina.base=C:\Users\falazo\Desktop\sistema tickets nuevo\sistema_tickets
25-Jul-2024 08:50:52.578 INFORMACIÓN [main] org.apache.catalina.startup.VersionLoggerListener.log Command line argument:             -Djava.io.tmpdir=C:\Users\falazo\Desktop\sistema tickets nuevo\sistema_tickets\temp
25-Jul-2024 08:50:52.578 INFORMACIÓN [main] org.apache.catalina.startup.VersionLoggerListener.log Command line argument:             -Djava.util.logging.config.file=C:\Users\falazo\Desktop\sistema tickets nuevo\sistema_tickets\conf\logging.properties
25-Jul-2024 08:50:52.578 INFORMACIÓN [main] org.apache.catalina.startup.VersionLoggerListener.log Command line argument:             -Djava.util.logging.manager=org.apache.juli.ClassLoaderLogManager
25-Jul-2024 08:50:52.578 INFORMACIÓN [main] org.apache.catalina.startup.VersionLoggerListener.log Command line argument:             -javaagent:C:\Program Files\JetBrains\IntelliJ IDEA Community Edition 2024.1.3\lib\idea_rt.jar=51114:C:\Program Files\JetBrains\IntelliJ IDEA Community Edition 2024.1.3\bin
25-Jul-2024 08:50:52.579 INFORMACIÓN [main] org.apache.catalina.startup.VersionLoggerListener.log Command line argument:             -Dfile.encoding=UTF-8
25-Jul-2024 08:50:52.635 INFORMACIÓN [main] org.apache.catalina.core.AprLifecycleListener.lifecycleEvent Cargada la biblioteca nativa APR de Apache Tomcat [1.3.0] con la versión APR [1.7.4].
25-Jul-2024 08:50:52.635 INFORMACIÓN [main] org.apache.catalina.core.AprLifecycleListener.lifecycleEvent Capacidades APR: IPv6 [true], enviar fichero [true], aceptar filtros [false], aleatorio [true], UDS [true].
25-Jul-2024 08:50:52.635 INFORMACIÓN [main] org.apache.catalina.core.AprLifecycleListener.lifecycleEvent APR/OpenSSL configuration: useAprConnector [false], useOpenSSL [true]
25-Jul-2024 08:50:52.642 INFORMACIÓN [main] org.apache.catalina.core.AprLifecycleListener.initializeSSL OpenSSL inicializado correctamente [OpenSSL 3.0.13 30 Jan 2024]
25-Jul-2024 08:50:52.948 INFORMACIÓN [main] org.apache.coyote.AbstractProtocol.init Inicializando el manejador de protocolo ["http-nio-8080"]

25-Jul-2024 08:50:52.980 INFORMACIÓN [main] org.apache.catalina.startup.Catalina.load Server initialization in [669] milliseconds
25-Jul-2024 08:50:53.028 INFORMACIÓN [main] org.apache.catalina.core.StandardService.startInternal Arrancando servicio [Catalina]
25-Jul-2024 08:50:53.028 INFORMACIÓN [main] org.apache.catalina.core.StandardEngine.startInternal Starting Servlet engine: [Apache Tomcat/9.0.89]
25-Jul-2024 08:50:53.036 INFORMACIÓN [main] org.apache.catalina.startup.HostConfig.deployDescriptor Desplieque del descriptor de configuración [C:\Users\falazo\Desktop\sistema tickets nuevo\sistema_tickets\conf\Catalina\localhost\sistema-tickets.xml]
25-Jul-2024 08:50:53.062 ADVERTENCIA [main] org.apache.catalina.startup.HostConfig.deployDescriptor The path attribute with value [/sistema_tickets] in deployment descriptor [C:\Users\falazo\Desktop\sistema tickets nuevo\sistema_tickets\conf\Catalina\localhost\sistema-tickets.xml] has been ignored
25-Jul-2024 08:50:56.088 INFORMACIÓN [main] org.apache.jasper.servlet.TldScanner.scanJars Al menos un JAR, que se ha explorado buscando TLDs, aún no contenía TLDs. Activar historial de depuración para este historiador para una completa lista de los JARs que fueron explorados y de los que nos se halló TLDs. Saltarse JARs no necesarios durante la exploración puede dar lugar a una mejora de tiempo significativa en el arranque y compilación de JSP .
25-Jul-2024 08:50:56.311 ADVERTENCIA [main] org.apache.catalina.util.SessionIdGeneratorBase.createSecureRandom Creation of SecureRandom instance for session ID generation using [SHA1PRNG] took [186] milliseconds.
25-Jul-2024 08:50:56.329 INFORMACIÓN [main] org.apache.catalina.startup.HostConfig.deployDescriptor Deployment of deployment descriptor [C:\Users\falazo\Desktop\sistema tickets nuevo\sistema_tickets\conf\Catalina\localhost\sistema-tickets.xml] has finished in [3.293] ms
25-Jul-2024 08:50:56.332 INFORMACIÓN [main] org.apache.coyote.AbstractProtocol.start Starting ProtocolHandler ["http-nio-8080"]
25-Jul-2024 08:50:56.343 INFORMACIÓN [main] org.apache.catalina.startup.Catalina.start Server startup in [3362] milliseconds
25-Jul-2024 12:47:00.184 INFORMACIÓN [Thread-2] org.apache.coyote.AbstractProtocol.pause Pausing ProtocolHandler ["http-nio-8080"]
25-Jul-2024 12:47:00.383 INFORMACIÓN [Thread-2] org.apache.catalina.core.StandardService.stopInternal Parando servicio [Catalina]
25-Jul-2024 12:47:00.428 INFORMACIÓN [Thread-2] org.apache.coyote.AbstractProtocol.stop Stopping ProtocolHandler ["http-nio-8080"]
25-Jul-2024 12:47:00.447 INFORMACIÓN [Thread-2] org.apache.coyote.AbstractProtocol.destroy Destroying ProtocolHandler ["http-nio-8080"]
